;  LST file generated by mikroListExporter - v.2.0 
; Date/Time: 22/12/2014 08:56:20 ã
;----------------------------------------------

;Address Opcode 	ASM
0x0000	0x2950      	GOTO       336
_interrupt:
0x0004	0x00FF      	MOVWF      R15
0x0005	0x0E03      	SWAPF      STATUS, 0
0x0006	0x0183      	CLRF       STATUS
0x0007	0x00B0      	MOVWF      ___saveSTATUS
0x0008	0x080A      	MOVF       PCLATH, 0
0x0009	0x00B1      	MOVWF      ___savePCLATH
0x000A	0x018A      	CLRF       PCLATH
;Recive.c,5 :: 		void interrupt()
;Recive.c,7 :: 		count++;
0x000B	0x0AA0      	INCF       _count, 1
0x000C	0x1903      	BTFSC      STATUS, 2
0x000D	0x0AA1      	INCF       _count+1, 1
;Recive.c,8 :: 		intcon=0b00100000;
0x000E	0x3020      	MOVLW      32
0x000F	0x008B      	MOVWF      INTCON
;Recive.c,9 :: 		TMR0=0;
0x0010	0x0181      	CLRF       TMR0
;Recive.c,10 :: 		}
L_end_interrupt:
L__interrupt53:
0x0011	0x0831      	MOVF       ___savePCLATH, 0
0x0012	0x008A      	MOVWF      PCLATH
0x0013	0x0E30      	SWAPF      ___saveSTATUS, 0
0x0014	0x0083      	MOVWF      STATUS
0x0015	0x0EFF      	SWAPF      R15, 1
0x0016	0x0E7F      	SWAPF      R15, 0
0x0017	0x0009      	RETFIE
; end of _interrupt
_time:
;Recive.c,11 :: 		unsigned int time(){
;Recive.c,12 :: 		while(!ir);
L_time0:
0x0018	0x1283      	BCF        STATUS, 5
0x0019	0x1303      	BCF        STATUS, 6
0x001A	0x1885      	BTFSC      RA1_bit, BitPos(RA1_bit+0)
0x001B	0x281D      	GOTO       L_time1
0x001C	0x2818      	GOTO       L_time0
L_time1:
;Recive.c,13 :: 		TMR0=count=0;
0x001D	0x01A0      	CLRF       _count
0x001E	0x01A1      	CLRF       _count+1
0x001F	0x0181      	CLRF       TMR0
;Recive.c,14 :: 		while(ir);
L_time2:
0x0020	0x1C85      	BTFSS      RA1_bit, BitPos(RA1_bit+0)
0x0021	0x2823      	GOTO       L_time3
0x0022	0x2820      	GOTO       L_time2
L_time3:
;Recive.c,15 :: 		x=2*(TMR0+count*256);
0x0023	0x0820      	MOVF       _count, 0
0x0024	0x00F1      	MOVWF      R0+1
0x0025	0x01F0      	CLRF       R0
0x0026	0x0870      	MOVF       R0, 0
0x0027	0x0701      	ADDWF      TMR0, 0
0x0028	0x00F3      	MOVWF      R3
0x0029	0x3000      	MOVLW      0
0x002A	0x1803      	BTFSC      STATUS, 0
0x002B	0x3E01      	ADDLW      1
0x002C	0x0771      	ADDWF      R0+1, 0
0x002D	0x00F4      	MOVWF      R3+1
0x002E	0x0873      	MOVF       R3, 0
0x002F	0x00F0      	MOVWF      R0
0x0030	0x0874      	MOVF       R3+1, 0
0x0031	0x00F1      	MOVWF      R0+1
0x0032	0x0DF0      	RLF        R0, 1
0x0033	0x0DF1      	RLF        R0+1, 1
0x0034	0x1070      	BCF        R0, 0
0x0035	0x0870      	MOVF       R0, 0
0x0036	0x00AA      	MOVWF      _x
0x0037	0x0871      	MOVF       R0+1, 0
0x0038	0x00AB      	MOVWF      _x+1
;Recive.c,16 :: 		return x;
;Recive.c,18 :: 		}
L_end_time:
0x0039	0x0008      	RETURN
; end of _time
_get_byte:
;Recive.c,20 :: 		int get_byte(){  int byt=0;
0x003A	0x1283      	BCF        STATUS, 5
0x003B	0x1303      	BCF        STATUS, 6
0x003C	0x01B2      	CLRF       get_byte_byt_L0
0x003D	0x01B3      	CLRF       get_byte_byt_L0+1
;Recive.c,21 :: 		for(i=0;i<8;i++){
0x003E	0x01A4      	CLRF       _i
0x003F	0x01A5      	CLRF       _i+1
L_get_byte4:
0x0040	0x3000      	MOVLW      0
0x0041	0x0225      	SUBWF      _i+1, 0
0x0042	0x1D03      	BTFSS      STATUS, 2
0x0043	0x2846      	GOTO       L__get_byte56
0x0044	0x3008      	MOVLW      8
0x0045	0x0224      	SUBWF      _i, 0
L__get_byte56:
0x0046	0x1803      	BTFSC      STATUS, 0
0x0047	0x2867      	GOTO       L_get_byte5
;Recive.c,22 :: 		x=time();
0x0048	0x2018      	CALL       _time
0x0049	0x0870      	MOVF       R0, 0
0x004A	0x00AA      	MOVWF      _x
0x004B	0x0871      	MOVF       R0+1, 0
0x004C	0x00AB      	MOVWF      _x+1
;Recive.c,23 :: 		byt <<=1;
0x004D	0x0DB2      	RLF        get_byte_byt_L0, 1
0x004E	0x0DB3      	RLF        get_byte_byt_L0+1, 1
0x004F	0x1032      	BCF        get_byte_byt_L0, 0
;Recive.c,24 :: 		if (x >1000 && x < 2000) {byt+=1;}
0x0050	0x0871      	MOVF       R0+1, 0
0x0051	0x3C03      	SUBLW      3
0x0052	0x1D03      	BTFSS      STATUS, 2
0x0053	0x2856      	GOTO       L__get_byte57
0x0054	0x0870      	MOVF       R0, 0
0x0055	0x3CE8      	SUBLW      232
L__get_byte57:
0x0056	0x1803      	BTFSC      STATUS, 0
0x0057	0x2863      	GOTO       L_get_byte9
0x0058	0x3007      	MOVLW      7
0x0059	0x022B      	SUBWF      _x+1, 0
0x005A	0x1D03      	BTFSS      STATUS, 2
0x005B	0x285E      	GOTO       L__get_byte58
0x005C	0x30D0      	MOVLW      208
0x005D	0x022A      	SUBWF      _x, 0
L__get_byte58:
0x005E	0x1803      	BTFSC      STATUS, 0
0x005F	0x2863      	GOTO       L_get_byte9
L__get_byte44:
0x0060	0x0AB2      	INCF       get_byte_byt_L0, 1
0x0061	0x1903      	BTFSC      STATUS, 2
0x0062	0x0AB3      	INCF       get_byte_byt_L0+1, 1
L_get_byte9:
;Recive.c,21 :: 		for(i=0;i<8;i++){
0x0063	0x0AA4      	INCF       _i, 1
0x0064	0x1903      	BTFSC      STATUS, 2
0x0065	0x0AA5      	INCF       _i+1, 1
;Recive.c,25 :: 		}
0x0066	0x2840      	GOTO       L_get_byte4
L_get_byte5:
;Recive.c,26 :: 		return byt;
0x0067	0x0832      	MOVF       get_byte_byt_L0, 0
0x0068	0x00F0      	MOVWF      R0
0x0069	0x0833      	MOVF       get_byte_byt_L0+1, 0
0x006A	0x00F1      	MOVWF      R0+1
;Recive.c,27 :: 		}
L_end_get_byte:
0x006B	0x0008      	RETURN
; end of _get_byte
_____DoICP:
;__Lib_System.c,6 :: 		
;__Lib_System.c,9 :: 		
0x006C	0x1283      	BCF        STATUS, 5
0x006D	0x1303      	BCF        STATUS, 6
0x006E	0x0823      	MOVF       ___DoICPAddr+1, 0
0x006F	0x008A      	MOVWF      PCLATH
;__Lib_System.c,10 :: 		
0x0070	0x0822      	MOVF       ___DoICPAddr, 0
0x0071	0x0082      	MOVWF      PCL
;__Lib_System.c,12 :: 		
L_end_____DoICP:
0x0072	0x0008      	RETURN
; end of _____DoICP
_start:
;Recive.c,30 :: 		void start(){    x=time();
0x0073	0x2018      	CALL       _time
0x0074	0x0870      	MOVF       R0, 0
0x0075	0x00AA      	MOVWF      _x
0x0076	0x0871      	MOVF       R0+1, 0
0x0077	0x00AB      	MOVWF      _x+1
;Recive.c,31 :: 		if (x > 3500 && x < 5000){
0x0078	0x0871      	MOVF       R0+1, 0
0x0079	0x3C0D      	SUBLW      13
0x007A	0x1D03      	BTFSS      STATUS, 2
0x007B	0x287E      	GOTO       L__start60
0x007C	0x0870      	MOVF       R0, 0
0x007D	0x3CAC      	SUBLW      172
L__start60:
0x007E	0x1803      	BTFSC      STATUS, 0
0x007F	0x2943      	GOTO       L_start12
0x0080	0x3013      	MOVLW      19
0x0081	0x022B      	SUBWF      _x+1, 0
0x0082	0x1D03      	BTFSS      STATUS, 2
0x0083	0x2886      	GOTO       L__start61
0x0084	0x3088      	MOVLW      136
0x0085	0x022A      	SUBWF      _x, 0
L__start61:
0x0086	0x1803      	BTFSC      STATUS, 0
0x0087	0x2943      	GOTO       L_start12
L__start51:
;Recive.c,32 :: 		address0=get_byte(); address1=get_byte();
0x0088	0x203A      	CALL       _get_byte
0x0089	0x0870      	MOVF       R0, 0
0x008A	0x00AC      	MOVWF      _address0
0x008B	0x0871      	MOVF       R0+1, 0
0x008C	0x00AD      	MOVWF      _address0+1
0x008D	0x203A      	CALL       _get_byte
0x008E	0x0870      	MOVF       R0, 0
0x008F	0x00AE      	MOVWF      _address1
0x0090	0x0871      	MOVF       R0+1, 0
0x0091	0x00AF      	MOVWF      _address1+1
;Recive.c,33 :: 		if (address0==0b00000000&&address1==0b11111111)
0x0092	0x3000      	MOVLW      0
0x0093	0x062D      	XORWF      _address0+1, 0
0x0094	0x1D03      	BTFSS      STATUS, 2
0x0095	0x2898      	GOTO       L__start62
0x0096	0x3000      	MOVLW      0
0x0097	0x062C      	XORWF      _address0, 0
L__start62:
0x0098	0x1D03      	BTFSS      STATUS, 2
0x0099	0x2943      	GOTO       L_start15
0x009A	0x3000      	MOVLW      0
0x009B	0x062F      	XORWF      _address1+1, 0
0x009C	0x1D03      	BTFSS      STATUS, 2
0x009D	0x28A0      	GOTO       L__start63
0x009E	0x30FF      	MOVLW      255
0x009F	0x062E      	XORWF      _address1, 0
L__start63:
0x00A0	0x1D03      	BTFSS      STATUS, 2
0x00A1	0x2943      	GOTO       L_start15
L__start50:
;Recive.c,34 :: 		{command0=get_byte(); command1=get_byte();
0x00A2	0x203A      	CALL       _get_byte
0x00A3	0x0870      	MOVF       R0, 0
0x00A4	0x00A8      	MOVWF      _command0
0x00A5	0x0871      	MOVF       R0+1, 0
0x00A6	0x00A9      	MOVWF      _command0+1
0x00A7	0x203A      	CALL       _get_byte
0x00A8	0x0870      	MOVF       R0, 0
0x00A9	0x00A6      	MOVWF      _command1
0x00AA	0x0871      	MOVF       R0+1, 0
0x00AB	0x00A7      	MOVWF      _command1+1
;Recive.c,35 :: 		if (command0==0b00110000 && command1==0b11001111){portb.f0=1;delay_ms(500);}   //f1
0x00AC	0x3000      	MOVLW      0
0x00AD	0x0629      	XORWF      _command0+1, 0
0x00AE	0x1D03      	BTFSS      STATUS, 2
0x00AF	0x28B2      	GOTO       L__start64
0x00B0	0x3030      	MOVLW      48
0x00B1	0x0628      	XORWF      _command0, 0
L__start64:
0x00B2	0x1D03      	BTFSS      STATUS, 2
0x00B3	0x28CC      	GOTO       L_start18
0x00B4	0x3000      	MOVLW      0
0x00B5	0x0627      	XORWF      _command1+1, 0
0x00B6	0x1D03      	BTFSS      STATUS, 2
0x00B7	0x28BA      	GOTO       L__start65
0x00B8	0x30CF      	MOVLW      207
0x00B9	0x0626      	XORWF      _command1, 0
L__start65:
0x00BA	0x1D03      	BTFSS      STATUS, 2
0x00BB	0x28CC      	GOTO       L_start18
L__start49:
0x00BC	0x1406      	BSF        PORTB, 0
0x00BD	0x3003      	MOVLW      3
0x00BE	0x00FB      	MOVWF      R11
0x00BF	0x308A      	MOVLW      138
0x00C0	0x00FC      	MOVWF      R12
0x00C1	0x3055      	MOVLW      85
0x00C2	0x00FD      	MOVWF      R13
L_start19:
0x00C3	0x0BFD      	DECFSZ     R13, 1
0x00C4	0x28C3      	GOTO       L_start19
0x00C5	0x0BFC      	DECFSZ     R12, 1
0x00C6	0x28C3      	GOTO       L_start19
0x00C7	0x0BFB      	DECFSZ     R11, 1
0x00C8	0x28C3      	GOTO       L_start19
0x00C9	0x0000      	NOP
0x00CA	0x0000      	NOP
0x00CB	0x2943      	GOTO       L_start20
L_start18:
;Recive.c,36 :: 		else if (command0==0b00011000 && command1==0b11100111){portb.f2=1;delay_ms(400);} //f2
0x00CC	0x3000      	MOVLW      0
0x00CD	0x0629      	XORWF      _command0+1, 0
0x00CE	0x1D03      	BTFSS      STATUS, 2
0x00CF	0x28D2      	GOTO       L__start66
0x00D0	0x3018      	MOVLW      24
0x00D1	0x0628      	XORWF      _command0, 0
L__start66:
0x00D2	0x1D03      	BTFSS      STATUS, 2
0x00D3	0x28EA      	GOTO       L_start23
0x00D4	0x3000      	MOVLW      0
0x00D5	0x0627      	XORWF      _command1+1, 0
0x00D6	0x1D03      	BTFSS      STATUS, 2
0x00D7	0x28DA      	GOTO       L__start67
0x00D8	0x30E7      	MOVLW      231
0x00D9	0x0626      	XORWF      _command1, 0
L__start67:
0x00DA	0x1D03      	BTFSS      STATUS, 2
0x00DB	0x28EA      	GOTO       L_start23
L__start48:
0x00DC	0x1506      	BSF        PORTB, 2
0x00DD	0x3003      	MOVLW      3
0x00DE	0x00FB      	MOVWF      R11
0x00DF	0x3008      	MOVLW      8
0x00E0	0x00FC      	MOVWF      R12
0x00E1	0x3077      	MOVLW      119
0x00E2	0x00FD      	MOVWF      R13
L_start24:
0x00E3	0x0BFD      	DECFSZ     R13, 1
0x00E4	0x28E3      	GOTO       L_start24
0x00E5	0x0BFC      	DECFSZ     R12, 1
0x00E6	0x28E3      	GOTO       L_start24
0x00E7	0x0BFB      	DECFSZ     R11, 1
0x00E8	0x28E3      	GOTO       L_start24
0x00E9	0x2943      	GOTO       L_start25
L_start23:
;Recive.c,37 :: 		else if (command0==0b01111010 && command1==0b10000101){portb.f3=1;delay_ms(400);}//f3
0x00EA	0x3000      	MOVLW      0
0x00EB	0x0629      	XORWF      _command0+1, 0
0x00EC	0x1D03      	BTFSS      STATUS, 2
0x00ED	0x28F0      	GOTO       L__start68
0x00EE	0x307A      	MOVLW      122
0x00EF	0x0628      	XORWF      _command0, 0
L__start68:
0x00F0	0x1D03      	BTFSS      STATUS, 2
0x00F1	0x2908      	GOTO       L_start28
0x00F2	0x3000      	MOVLW      0
0x00F3	0x0627      	XORWF      _command1+1, 0
0x00F4	0x1D03      	BTFSS      STATUS, 2
0x00F5	0x28F8      	GOTO       L__start69
0x00F6	0x3085      	MOVLW      133
0x00F7	0x0626      	XORWF      _command1, 0
L__start69:
0x00F8	0x1D03      	BTFSS      STATUS, 2
0x00F9	0x2908      	GOTO       L_start28
L__start47:
0x00FA	0x1586      	BSF        PORTB, 3
0x00FB	0x3003      	MOVLW      3
0x00FC	0x00FB      	MOVWF      R11
0x00FD	0x3008      	MOVLW      8
0x00FE	0x00FC      	MOVWF      R12
0x00FF	0x3077      	MOVLW      119
0x0100	0x00FD      	MOVWF      R13
L_start29:
0x0101	0x0BFD      	DECFSZ     R13, 1
0x0102	0x2901      	GOTO       L_start29
0x0103	0x0BFC      	DECFSZ     R12, 1
0x0104	0x2901      	GOTO       L_start29
0x0105	0x0BFB      	DECFSZ     R11, 1
0x0106	0x2901      	GOTO       L_start29
0x0107	0x2943      	GOTO       L_start30
L_start28:
;Recive.c,38 :: 		else if (command0==0b00010000 && command1==0b11101111){portb.f4=1;delay_ms(400);}//f4
0x0108	0x3000      	MOVLW      0
0x0109	0x0629      	XORWF      _command0+1, 0
0x010A	0x1D03      	BTFSS      STATUS, 2
0x010B	0x290E      	GOTO       L__start70
0x010C	0x3010      	MOVLW      16
0x010D	0x0628      	XORWF      _command0, 0
L__start70:
0x010E	0x1D03      	BTFSS      STATUS, 2
0x010F	0x2926      	GOTO       L_start33
0x0110	0x3000      	MOVLW      0
0x0111	0x0627      	XORWF      _command1+1, 0
0x0112	0x1D03      	BTFSS      STATUS, 2
0x0113	0x2916      	GOTO       L__start71
0x0114	0x30EF      	MOVLW      239
0x0115	0x0626      	XORWF      _command1, 0
L__start71:
0x0116	0x1D03      	BTFSS      STATUS, 2
0x0117	0x2926      	GOTO       L_start33
L__start46:
0x0118	0x1606      	BSF        PORTB, 4
0x0119	0x3003      	MOVLW      3
0x011A	0x00FB      	MOVWF      R11
0x011B	0x3008      	MOVLW      8
0x011C	0x00FC      	MOVWF      R12
0x011D	0x3077      	MOVLW      119
0x011E	0x00FD      	MOVWF      R13
L_start34:
0x011F	0x0BFD      	DECFSZ     R13, 1
0x0120	0x291F      	GOTO       L_start34
0x0121	0x0BFC      	DECFSZ     R12, 1
0x0122	0x291F      	GOTO       L_start34
0x0123	0x0BFB      	DECFSZ     R11, 1
0x0124	0x291F      	GOTO       L_start34
0x0125	0x2943      	GOTO       L_start35
L_start33:
;Recive.c,39 :: 		else if (command0==0b00111000 && command1==0b11000111){portb.f5=1;delay_ms(400);}//f5
0x0126	0x3000      	MOVLW      0
0x0127	0x0629      	XORWF      _command0+1, 0
0x0128	0x1D03      	BTFSS      STATUS, 2
0x0129	0x292C      	GOTO       L__start72
0x012A	0x3038      	MOVLW      56
0x012B	0x0628      	XORWF      _command0, 0
L__start72:
0x012C	0x1D03      	BTFSS      STATUS, 2
0x012D	0x2943      	GOTO       L_start38
0x012E	0x3000      	MOVLW      0
0x012F	0x0627      	XORWF      _command1+1, 0
0x0130	0x1D03      	BTFSS      STATUS, 2
0x0131	0x2934      	GOTO       L__start73
0x0132	0x30C7      	MOVLW      199
0x0133	0x0626      	XORWF      _command1, 0
L__start73:
0x0134	0x1D03      	BTFSS      STATUS, 2
0x0135	0x2943      	GOTO       L_start38
L__start45:
0x0136	0x1686      	BSF        PORTB, 5
0x0137	0x3003      	MOVLW      3
0x0138	0x00FB      	MOVWF      R11
0x0139	0x3008      	MOVLW      8
0x013A	0x00FC      	MOVWF      R12
0x013B	0x3077      	MOVLW      119
0x013C	0x00FD      	MOVWF      R13
L_start39:
0x013D	0x0BFD      	DECFSZ     R13, 1
0x013E	0x293D      	GOTO       L_start39
0x013F	0x0BFC      	DECFSZ     R12, 1
0x0140	0x293D      	GOTO       L_start39
0x0141	0x0BFB      	DECFSZ     R11, 1
0x0142	0x293D      	GOTO       L_start39
L_start38:
L_start35:
L_start30:
L_start25:
L_start20:
;Recive.c,40 :: 		}
L_start15:
;Recive.c,41 :: 		}
L_start12:
;Recive.c,43 :: 		}
L_end_start:
0x0143	0x0008      	RETURN
; end of _start
___CC2DW:
;__Lib_System.c,134 :: 		
;__Lib_System.c,137 :: 		
_CC2D_Loop1:
;__Lib_System.c,139 :: 		
0x0144	0x206C      	CALL       _____DoICP
0x0145	0x118A      	BCF        PCLATH, 3
0x0146	0x120A      	BCF        PCLATH, 4
;__Lib_System.c,141 :: 		
0x0147	0x0080      	MOVWF      INDF
;__Lib_System.c,142 :: 		
0x0148	0x0A84      	INCF       FSR, 1
;__Lib_System.c,143 :: 		
0x0149	0x0AA2      	INCF       ___DoICPAddr, 1
;__Lib_System.c,145 :: 		
0x014A	0x1903      	BTFSC      STATUS, 2
;__Lib_System.c,146 :: 		
0x014B	0x0AA3      	INCF       ___DoICPAddr+1, 1
;__Lib_System.c,147 :: 		
0x014C	0x03F0      	DECF       R0, 1
;__Lib_System.c,149 :: 		
0x014D	0x1D03      	BTFSS      STATUS, 2
;__Lib_System.c,150 :: 		
0x014E	0x2944      	GOTO       _CC2D_Loop1
;__Lib_System.c,152 :: 		
L_end___CC2DW:
0x014F	0x0008      	RETURN
; end of ___CC2DW
_main:
0x0150	0x1283      	BCF        STATUS, 5
0x0151	0x1303      	BCF        STATUS, 6
0x0152	0x01A0      	CLRF       _count
0x0153	0x01A1      	CLRF       33
;Recive.c,45 :: 		void main() {
;Recive.c,46 :: 		pcon.f3=1;
0x0154	0x1683      	BSF        STATUS, 5
0x0155	0x158E      	BSF        PCON, 3
;Recive.c,47 :: 		TRISA=0x0F;
0x0156	0x300F      	MOVLW      15
0x0157	0x0085      	MOVWF      TRISA
;Recive.c,48 :: 		TRISB=0;
0x0158	0x0186      	CLRF       TRISB
;Recive.c,49 :: 		PORTB=0;
0x0159	0x1283      	BCF        STATUS, 5
0x015A	0x0186      	CLRF       PORTB
;Recive.c,50 :: 		PORTA=0;
0x015B	0x0185      	CLRF       PORTA
;Recive.c,51 :: 		cmcon=7;
0x015C	0x3007      	MOVLW      7
0x015D	0x009F      	MOVWF      CMCON
;Recive.c,52 :: 		option_reg=0b10000000;
0x015E	0x3080      	MOVLW      128
0x015F	0x1683      	BSF        STATUS, 5
0x0160	0x0081      	MOVWF      OPTION_REG
;Recive.c,53 :: 		intcon=0b10100000;
0x0161	0x30A0      	MOVLW      160
0x0162	0x008B      	MOVWF      INTCON
;Recive.c,54 :: 		TMR0 = 0;
0x0163	0x1283      	BCF        STATUS, 5
0x0164	0x0181      	CLRF       TMR0
;Recive.c,55 :: 		while(1){ portb=0;
L_main40:
0x0165	0x0186      	CLRF       PORTB
;Recive.c,57 :: 		while(ir);
L_main42:
0x0166	0x1C85      	BTFSS      RA1_bit, BitPos(RA1_bit+0)
0x0167	0x2969      	GOTO       L_main43
0x0168	0x2966      	GOTO       L_main42
L_main43:
;Recive.c,58 :: 		start();
0x0169	0x2073      	CALL       _start
;Recive.c,60 :: 		}
0x016A	0x2965      	GOTO       L_main40
;Recive.c,61 :: 		}
L_end_main:
0x016B	0x296B      	GOTO       $+0
; end of _main
Symbol List:
//** Routines locations **
//ADDRESS    SIZE    PROCEDURE
//----------------------------------------------
0x0004      [20]    _interrupt
0x0018      [34]    _time
0x003A      [50]    _get_byte
0x006C       [7]    _____DoICP
0x0073     [209]    _start
0x0144      [12]    ___CC2DW
0x0150      [28]    _main
//** Variables locations ** 
//ADDRESS    SIZE    VARIABLE
//----------------------------------------------
0x0000       [1]    INDF
0x0001       [1]    TMR0
0x0002       [1]    PCL
0x0003       [1]    STATUS
0x0004       [1]    FSR
0x0005       [0]    RA1_bit
0x0005       [0]    ir
0x0005       [1]    PORTA
0x0006       [1]    PORTB
0x000A       [1]    PCLATH
0x000B       [1]    INTCON
0x001F       [1]    CMCON
0x0020       [2]    _count
0x0022       [2]    ___DoICPAddr
0x0024       [2]    _i
0x0026       [2]    _command1
0x0028       [2]    _command0
0x002A       [2]    _x
0x002C       [2]    _address0
0x002E       [2]    _address1
0x0030       [1]    ___saveSTATUS
0x0031       [1]    ___savePCLATH
0x0032       [2]    get_byte_byt_L0
0x0070       [1]    R0
0x0071       [1]    R1
0x0072       [1]    R2
0x0073       [1]    R3
0x0074       [1]    R4
0x0075       [1]    R5
0x0076       [1]    R6
0x0077       [1]    R7
0x0078       [1]    R8
0x0079       [1]    R9
0x007A       [1]    R10
0x007B       [1]    R11
0x007C       [1]    R12
0x007D       [1]    R13
0x007E       [1]    R14
0x007F       [1]    R15
0x0081       [1]    OPTION_REG
0x0085       [1]    TRISA
0x0086       [1]    TRISB
0x008E       [1]    PCON
//** Label List: ** 
//----------------------------------------------
  L_time0
  L_time1
  L_time2
  L_time3
  L_get_byte4
  L_get_byte5
  L_get_byte6
  L_get_byte7
  L_get_byte8
  L_get_byte9
  L_start10
  L_start11
  L_start12
  L_start13
  L_start14
  L_start15
  L_start16
  L_start17
  L_start18
  L_start19
  L_start20
  L_start21
  L_start22
  L_start23
  L_start24
  L_start25
  L_start26
  L_start27
  L_start28
  L_start29
  L_start30
  L_start31
  L_start32
  L_start33
  L_start34
  L_start35
  L_start36
  L_start37
  L_start38
  L_start39
  L_main40
  L_main41
  ___main_loop
  L_main42
  L_main43
  L__get_byte44
  L__start45
  L__start46
  L__start47
  L__start48
  L__start49
  L__start50
  L__start51
  L_end_interrupt
  _interrupt
  L__interrupt53
  L_end_time
  _time
  L_end_get_byte
  _get_byte
  L__get_byte56
  L__get_byte57
  L__get_byte58
  L_end_start
  _start
  L__start60
  L__start61
  L__start62
  L__start63
  L__start64
  L__start65
  L__start66
  L__start67
  L__start68
  L__start69
  L__start70
  L__start71
  L__start72
  L__start73
  L_end_main
  _main
  L_loopCA2AWs
  L_CA2AWend
  _CCA2AW_Loop1
  L_loopCS2Ss
  L_CS2Send
  _CCS2S_Loop1
  L_CCS2Send
  L_loopFZinSWs
  L_FZinSend
  _CC2D_Loop1
  L_end_____DoICP
  _____DoICP
  L_end_____DoIFC
  _____DoIFC
  L_end___CA2AW
  ___CA2AW
  L_end___CCA2AW
  ___CCA2AW
  L_end___CS2S
  ___CS2S
  L_end___CCS2S
  ___CCS2S
  L_end___FZinS
  ___FZinS
  L_end___CC2DW
  ___CC2DW
  L_end_Swap
  _Swap
  L_time0
  L_time1
  L_time2
  L_time3
  L_get_byte4
  L_get_byte5
  L_get_byte6
  L_get_byte7
  L_get_byte8
  L_get_byte9
  L_start10
  L_start11
  L_start12
  L_start13
  L_start14
  L_start15
  L_start16
  L_start17
  L_start18
  L_start19
  L_start20
  L_start21
  L_start22
  L_start23
  L_start24
  L_start25
  L_start26
  L_start27
  L_start28
  L_start29
  L_start30
  L_start31
  L_start32
  L_start33
  L_start34
  L_start35
  L_start36
  L_start37
  L_start38
  L_start39
  L_main40
  L_main41
  ___main_loop
  L_main42
  L_main43
  L__get_byte44
  L__start45
  L__start46
  L__start47
  L__start48
  L__start49
  L__start50
  L__start51
  L_end_interrupt
  _interrupt
  L__interrupt53
  L_end_time
  _time
  L_end_get_byte
  _get_byte
  L__get_byte56
  L__get_byte57
  L__get_byte58
  L_end_start
  _start
  L__start60
  L__start61
  L__start62
  L__start63
  L__start64
  L__start65
  L__start66
  L__start67
  L__start68
  L__start69
  L__start70
  L__start71
  L__start72
  L__start73
  L_end_main
  _main
