;  LST file generated by mikroListExporter - v.2.0 
; Date/Time: 17/07/2014 02:28:44 ã
;----------------------------------------------

;Address Opcode 	ASM
0x0000	0x2816      	GOTO       22
_____DoICP:
;__Lib_System.c,6 :: 		
;__Lib_System.c,9 :: 		
0x0003	0x1283      	BCF        STATUS, 5
0x0004	0x1303      	BCF        STATUS, 6
0x0005	0x0822      	MOVF       ___DoICPAddr+1, 0
0x0006	0x008A      	MOVWF      PCLATH
;__Lib_System.c,10 :: 		
0x0007	0x0821      	MOVF       ___DoICPAddr, 0
0x0008	0x0082      	MOVWF      PCL
;__Lib_System.c,12 :: 		
L_end_____DoICP:
0x0009	0x0008      	RETURN
; end of _____DoICP
___CC2DW:
;__Lib_System.c,134 :: 		
;__Lib_System.c,137 :: 		
_CC2D_Loop1:
;__Lib_System.c,139 :: 		
0x000A	0x2003      	CALL       _____DoICP
0x000B	0x118A      	BCF        PCLATH, 3
0x000C	0x120A      	BCF        PCLATH, 4
;__Lib_System.c,141 :: 		
0x000D	0x0080      	MOVWF      INDF
;__Lib_System.c,142 :: 		
0x000E	0x0A84      	INCF       FSR, 1
;__Lib_System.c,143 :: 		
0x000F	0x0AA1      	INCF       ___DoICPAddr, 1
;__Lib_System.c,145 :: 		
0x0010	0x1903      	BTFSC      STATUS, 2
;__Lib_System.c,146 :: 		
0x0011	0x0AA2      	INCF       ___DoICPAddr+1, 1
;__Lib_System.c,147 :: 		
0x0012	0x03F0      	DECF       R0, 1
;__Lib_System.c,149 :: 		
0x0013	0x1D03      	BTFSS      STATUS, 2
;__Lib_System.c,150 :: 		
0x0014	0x280A      	GOTO       _CC2D_Loop1
;__Lib_System.c,152 :: 		
L_end___CC2DW:
0x0015	0x0008      	RETURN
; end of ___CC2DW
_main:
;sender.c,3 :: 		void main() {
;sender.c,4 :: 		pcon.f3=1;
0x0016	0x1683      	BSF        STATUS, 5
0x0017	0x1303      	BCF        STATUS, 6
0x0018	0x158E      	BSF        PCON, 3
;sender.c,5 :: 		CMCON=0x07;TRISA=255;TRISB=0;portb=0;
0x0019	0x3007      	MOVLW      7
0x001A	0x1283      	BCF        STATUS, 5
0x001B	0x009F      	MOVWF      CMCON
0x001C	0x30FF      	MOVLW      255
0x001D	0x1683      	BSF        STATUS, 5
0x001E	0x0085      	MOVWF      TRISA
0x001F	0x0186      	CLRF       TRISB
0x0020	0x1283      	BCF        STATUS, 5
0x0021	0x0186      	CLRF       PORTB
;sender.c,10 :: 		while (1) {
L_main0:
;sender.c,11 :: 		if (porta.f0==1) {portb.f3=0;delay_us(9200);                    //button 1
0x0022	0x1C05      	BTFSS      PORTA, 0
0x0023	0x28E8      	GOTO       L_main2
0x0024	0x1186      	BCF        PORTB, 3
0x0025	0x300C      	MOVLW      12
0x0026	0x00FC      	MOVWF      R12
0x0027	0x30F1      	MOVLW      241
0x0028	0x00FD      	MOVWF      R13
L_main3:
0x0029	0x0BFD      	DECFSZ     R13, 1
0x002A	0x2829      	GOTO       L_main3
0x002B	0x0BFC      	DECFSZ     R12, 1
0x002C	0x2829      	GOTO       L_main3
0x002D	0x0000      	NOP
0x002E	0x0000      	NOP
;sender.c,12 :: 		portb.f3=1;delay_us(4500);
0x002F	0x1586      	BSF        PORTB, 3
0x0030	0x3006      	MOVLW      6
0x0031	0x00FC      	MOVWF      R12
0x0032	0x30D7      	MOVLW      215
0x0033	0x00FD      	MOVWF      R13
L_main4:
0x0034	0x0BFD      	DECFSZ     R13, 1
0x0035	0x2834      	GOTO       L_main4
0x0036	0x0BFC      	DECFSZ     R12, 1
0x0037	0x2834      	GOTO       L_main4
;sender.c,13 :: 		for(x=0;x<8;x++){            // 8zero
0x0038	0x01A0      	CLRF       _x
L_main5:
0x0039	0x3008      	MOVLW      8
0x003A	0x0220      	SUBWF      _x, 0
0x003B	0x1803      	BTFSC      STATUS, 0
0x003C	0x284C      	GOTO       L_main6
;sender.c,14 :: 		portb.f3=0;delay_us(600);portb.f3=1;delay_us(500); }
0x003D	0x1186      	BCF        PORTB, 3
0x003E	0x30C7      	MOVLW      199
0x003F	0x00FD      	MOVWF      R13
L_main8:
0x0040	0x0BFD      	DECFSZ     R13, 1
0x0041	0x2840      	GOTO       L_main8
0x0042	0x0000      	NOP
0x0043	0x0000      	NOP
0x0044	0x1586      	BSF        PORTB, 3
0x0045	0x30A6      	MOVLW      166
0x0046	0x00FD      	MOVWF      R13
L_main9:
0x0047	0x0BFD      	DECFSZ     R13, 1
0x0048	0x2847      	GOTO       L_main9
0x0049	0x0000      	NOP
;sender.c,13 :: 		for(x=0;x<8;x++){            // 8zero
0x004A	0x0AA0      	INCF       _x, 1
;sender.c,14 :: 		portb.f3=0;delay_us(600);portb.f3=1;delay_us(500); }
0x004B	0x2839      	GOTO       L_main5
L_main6:
;sender.c,16 :: 		for(x=0;x<8;x++){      // 8 oness
0x004C	0x01A0      	CLRF       _x
L_main10:
0x004D	0x3008      	MOVLW      8
0x004E	0x0220      	SUBWF      _x, 0
0x004F	0x1803      	BTFSC      STATUS, 0
0x0050	0x2864      	GOTO       L_main11
;sender.c,17 :: 		portb.f3=0;delay_us(600);portb.f3=1;
0x0051	0x1186      	BCF        PORTB, 3
0x0052	0x30C7      	MOVLW      199
0x0053	0x00FD      	MOVWF      R13
L_main13:
0x0054	0x0BFD      	DECFSZ     R13, 1
0x0055	0x2854      	GOTO       L_main13
0x0056	0x0000      	NOP
0x0057	0x0000      	NOP
0x0058	0x1586      	BSF        PORTB, 3
;sender.c,18 :: 		delay_us(1600);
0x0059	0x3003      	MOVLW      3
0x005A	0x00FC      	MOVWF      R12
0x005B	0x3012      	MOVLW      18
0x005C	0x00FD      	MOVWF      R13
L_main14:
0x005D	0x0BFD      	DECFSZ     R13, 1
0x005E	0x285D      	GOTO       L_main14
0x005F	0x0BFC      	DECFSZ     R12, 1
0x0060	0x285D      	GOTO       L_main14
0x0061	0x0000      	NOP
;sender.c,16 :: 		for(x=0;x<8;x++){      // 8 oness
0x0062	0x0AA0      	INCF       _x, 1
;sender.c,19 :: 		}
0x0063	0x284D      	GOTO       L_main10
L_main11:
;sender.c,21 :: 		for(x=0;x<3;x++){            // 3zero
0x0064	0x01A0      	CLRF       _x
L_main15:
0x0065	0x3003      	MOVLW      3
0x0066	0x0220      	SUBWF      _x, 0
0x0067	0x1803      	BTFSC      STATUS, 0
0x0068	0x2878      	GOTO       L_main16
;sender.c,22 :: 		portb.f3=0;delay_us(600);portb.f3=1;delay_us(500); }
0x0069	0x1186      	BCF        PORTB, 3
0x006A	0x30C7      	MOVLW      199
0x006B	0x00FD      	MOVWF      R13
L_main18:
0x006C	0x0BFD      	DECFSZ     R13, 1
0x006D	0x286C      	GOTO       L_main18
0x006E	0x0000      	NOP
0x006F	0x0000      	NOP
0x0070	0x1586      	BSF        PORTB, 3
0x0071	0x30A6      	MOVLW      166
0x0072	0x00FD      	MOVWF      R13
L_main19:
0x0073	0x0BFD      	DECFSZ     R13, 1
0x0074	0x2873      	GOTO       L_main19
0x0075	0x0000      	NOP
;sender.c,21 :: 		for(x=0;x<3;x++){            // 3zero
0x0076	0x0AA0      	INCF       _x, 1
;sender.c,22 :: 		portb.f3=0;delay_us(600);portb.f3=1;delay_us(500); }
0x0077	0x2865      	GOTO       L_main15
L_main16:
;sender.c,24 :: 		for(x=0;x<2;x++){      // 8 oness
0x0078	0x01A0      	CLRF       _x
L_main20:
0x0079	0x3002      	MOVLW      2
0x007A	0x0220      	SUBWF      _x, 0
0x007B	0x1803      	BTFSC      STATUS, 0
0x007C	0x2890      	GOTO       L_main21
;sender.c,25 :: 		portb.f3=0;delay_us(600);portb.f3=1;
0x007D	0x1186      	BCF        PORTB, 3
0x007E	0x30C7      	MOVLW      199
0x007F	0x00FD      	MOVWF      R13
L_main23:
0x0080	0x0BFD      	DECFSZ     R13, 1
0x0081	0x2880      	GOTO       L_main23
0x0082	0x0000      	NOP
0x0083	0x0000      	NOP
0x0084	0x1586      	BSF        PORTB, 3
;sender.c,26 :: 		delay_us(1600);}
0x0085	0x3003      	MOVLW      3
0x0086	0x00FC      	MOVWF      R12
0x0087	0x3012      	MOVLW      18
0x0088	0x00FD      	MOVWF      R13
L_main24:
0x0089	0x0BFD      	DECFSZ     R13, 1
0x008A	0x2889      	GOTO       L_main24
0x008B	0x0BFC      	DECFSZ     R12, 1
0x008C	0x2889      	GOTO       L_main24
0x008D	0x0000      	NOP
;sender.c,24 :: 		for(x=0;x<2;x++){      // 8 oness
0x008E	0x0AA0      	INCF       _x, 1
;sender.c,26 :: 		delay_us(1600);}
0x008F	0x2879      	GOTO       L_main20
L_main21:
;sender.c,28 :: 		for(x=0;x<3;x++){            // 8zero
0x0090	0x01A0      	CLRF       _x
L_main25:
0x0091	0x3003      	MOVLW      3
0x0092	0x0220      	SUBWF      _x, 0
0x0093	0x1803      	BTFSC      STATUS, 0
0x0094	0x28A4      	GOTO       L_main26
;sender.c,29 :: 		portb.f3=0;delay_us(600);portb.f3=1;delay_us(500); }
0x0095	0x1186      	BCF        PORTB, 3
0x0096	0x30C7      	MOVLW      199
0x0097	0x00FD      	MOVWF      R13
L_main28:
0x0098	0x0BFD      	DECFSZ     R13, 1
0x0099	0x2898      	GOTO       L_main28
0x009A	0x0000      	NOP
0x009B	0x0000      	NOP
0x009C	0x1586      	BSF        PORTB, 3
0x009D	0x30A6      	MOVLW      166
0x009E	0x00FD      	MOVWF      R13
L_main29:
0x009F	0x0BFD      	DECFSZ     R13, 1
0x00A0	0x289F      	GOTO       L_main29
0x00A1	0x0000      	NOP
;sender.c,28 :: 		for(x=0;x<3;x++){            // 8zero
0x00A2	0x0AA0      	INCF       _x, 1
;sender.c,29 :: 		portb.f3=0;delay_us(600);portb.f3=1;delay_us(500); }
0x00A3	0x2891      	GOTO       L_main25
L_main26:
;sender.c,32 :: 		for(x=0;x<3;x++){      // 8 oness
0x00A4	0x01A0      	CLRF       _x
L_main30:
0x00A5	0x3003      	MOVLW      3
0x00A6	0x0220      	SUBWF      _x, 0
0x00A7	0x1803      	BTFSC      STATUS, 0
0x00A8	0x28BC      	GOTO       L_main31
;sender.c,33 :: 		portb.f3=0;delay_us(600);portb.f3=1;
0x00A9	0x1186      	BCF        PORTB, 3
0x00AA	0x30C7      	MOVLW      199
0x00AB	0x00FD      	MOVWF      R13
L_main33:
0x00AC	0x0BFD      	DECFSZ     R13, 1
0x00AD	0x28AC      	GOTO       L_main33
0x00AE	0x0000      	NOP
0x00AF	0x0000      	NOP
0x00B0	0x1586      	BSF        PORTB, 3
;sender.c,34 :: 		delay_us(1600);}
0x00B1	0x3003      	MOVLW      3
0x00B2	0x00FC      	MOVWF      R12
0x00B3	0x3012      	MOVLW      18
0x00B4	0x00FD      	MOVWF      R13
L_main34:
0x00B5	0x0BFD      	DECFSZ     R13, 1
0x00B6	0x28B5      	GOTO       L_main34
0x00B7	0x0BFC      	DECFSZ     R12, 1
0x00B8	0x28B5      	GOTO       L_main34
0x00B9	0x0000      	NOP
;sender.c,32 :: 		for(x=0;x<3;x++){      // 8 oness
0x00BA	0x0AA0      	INCF       _x, 1
;sender.c,34 :: 		delay_us(1600);}
0x00BB	0x28A5      	GOTO       L_main30
L_main31:
;sender.c,35 :: 		for(x=0;x<2;x++){            // 8zero
0x00BC	0x01A0      	CLRF       _x
L_main35:
0x00BD	0x3002      	MOVLW      2
0x00BE	0x0220      	SUBWF      _x, 0
0x00BF	0x1803      	BTFSC      STATUS, 0
0x00C0	0x28D0      	GOTO       L_main36
;sender.c,36 :: 		portb.f3=0;delay_us(600);portb.f3=1;delay_us(500); }
0x00C1	0x1186      	BCF        PORTB, 3
0x00C2	0x30C7      	MOVLW      199
0x00C3	0x00FD      	MOVWF      R13
L_main38:
0x00C4	0x0BFD      	DECFSZ     R13, 1
0x00C5	0x28C4      	GOTO       L_main38
0x00C6	0x0000      	NOP
0x00C7	0x0000      	NOP
0x00C8	0x1586      	BSF        PORTB, 3
0x00C9	0x30A6      	MOVLW      166
0x00CA	0x00FD      	MOVWF      R13
L_main39:
0x00CB	0x0BFD      	DECFSZ     R13, 1
0x00CC	0x28CB      	GOTO       L_main39
0x00CD	0x0000      	NOP
;sender.c,35 :: 		for(x=0;x<2;x++){            // 8zero
0x00CE	0x0AA0      	INCF       _x, 1
;sender.c,36 :: 		portb.f3=0;delay_us(600);portb.f3=1;delay_us(500); }
0x00CF	0x28BD      	GOTO       L_main35
L_main36:
;sender.c,38 :: 		for(x=0;x<4;x++){      // 8 oness
0x00D0	0x01A0      	CLRF       _x
L_main40:
0x00D1	0x3004      	MOVLW      4
0x00D2	0x0220      	SUBWF      _x, 0
0x00D3	0x1803      	BTFSC      STATUS, 0
0x00D4	0x28E8      	GOTO       L_main41
;sender.c,39 :: 		portb.f3=0;delay_us(600);portb.f3=1;
0x00D5	0x1186      	BCF        PORTB, 3
0x00D6	0x30C7      	MOVLW      199
0x00D7	0x00FD      	MOVWF      R13
L_main43:
0x00D8	0x0BFD      	DECFSZ     R13, 1
0x00D9	0x28D8      	GOTO       L_main43
0x00DA	0x0000      	NOP
0x00DB	0x0000      	NOP
0x00DC	0x1586      	BSF        PORTB, 3
;sender.c,40 :: 		delay_us(1600);}
0x00DD	0x3003      	MOVLW      3
0x00DE	0x00FC      	MOVWF      R12
0x00DF	0x3012      	MOVLW      18
0x00E0	0x00FD      	MOVWF      R13
L_main44:
0x00E1	0x0BFD      	DECFSZ     R13, 1
0x00E2	0x28E1      	GOTO       L_main44
0x00E3	0x0BFC      	DECFSZ     R12, 1
0x00E4	0x28E1      	GOTO       L_main44
0x00E5	0x0000      	NOP
;sender.c,38 :: 		for(x=0;x<4;x++){      // 8 oness
0x00E6	0x0AA0      	INCF       _x, 1
;sender.c,40 :: 		delay_us(1600);}
0x00E7	0x28D1      	GOTO       L_main40
L_main41:
;sender.c,42 :: 		}
L_main2:
;sender.c,43 :: 		}
0x00E8	0x2822      	GOTO       L_main0
;sender.c,45 :: 		}
L_end_main:
0x00E9	0x28E9      	GOTO       $+0
; end of _main
Symbol List:
//** Routines locations **
//ADDRESS    SIZE    PROCEDURE
//----------------------------------------------
0x0003       [7]    _____DoICP
0x000A      [12]    ___CC2DW
0x0016     [212]    _main
//** Variables locations ** 
//ADDRESS    SIZE    VARIABLE
//----------------------------------------------
0x0000       [1]    INDF
0x0002       [1]    PCL
0x0003       [1]    STATUS
0x0004       [1]    FSR
0x0005       [1]    PORTA
0x0006       [1]    PORTB
0x000A       [1]    PCLATH
0x001F       [1]    CMCON
0x0020       [1]    _x
0x0021       [2]    ___DoICPAddr
0x0070       [1]    R0
0x0071       [1]    R1
0x0072       [1]    R2
0x0073       [1]    R3
0x0074       [1]    R4
0x0075       [1]    R5
0x0076       [1]    R6
0x0077       [1]    R7
0x0078       [1]    R8
0x0079       [1]    R9
0x007A       [1]    R10
0x007B       [1]    R11
0x007C       [1]    R12
0x007D       [1]    R13
0x007E       [1]    R14
0x007F       [1]    R15
0x0085       [1]    TRISA
0x0086       [1]    TRISB
0x008E       [1]    PCON
//** Label List: ** 
//----------------------------------------------
  L_main0
  L_main1
  L_main2
  L_main3
  L_main4
  L_main5
  L_main6
  L_main7
  L_main8
  L_main9
  L_main10
  L_main11
  L_main12
  L_main13
  L_main14
  L_main15
  L_main16
  L_main17
  L_main18
  L_main19
  L_main20
  L_main21
  L_main22
  L_main23
  L_main24
  L_main25
  L_main26
  L_main27
  L_main28
  L_main29
  L_main30
  L_main31
  L_main32
  L_main33
  L_main34
  L_main35
  L_main36
  L_main37
  L_main38
  L_main39
  L_main40
  L_main41
  L_main42
  L_main43
  L_main44
  L_end_main
  _main
  L_loopCA2AWs
  L_CA2AWend
  _CCA2AW_Loop1
  L_loopCS2Ss
  L_CS2Send
  _CCS2S_Loop1
  L_CCS2Send
  L_loopFZinSWs
  L_FZinSend
  _CC2D_Loop1
  L_end_____DoICP
  _____DoICP
  L_end_____DoIFC
  _____DoIFC
  L_end___CA2AW
  ___CA2AW
  L_end___CCA2AW
  ___CCA2AW
  L_end___CS2S
  ___CS2S
  L_end___CCS2S
  ___CCS2S
  L_end___FZinS
  ___FZinS
  L_end___CC2DW
  ___CC2DW
  L_end_Swap
  _Swap
